<?xml version="1.0" encoding="utf-8"?><testsuites><testsuite errors="4" failures="0" hostname="Biest" name="pytest" skipped="0" tests="4" time="0.185" timestamp="2024-05-12T01:04:38.387321"><testcase classname="" name="tests.test_routes_orders" time="0.000"><error message="collection failure">ImportError while importing test module 'C:\Users\trend\SimpleShop\tests\test_routes_orders.py'.
Hint: make sure your test modules/packages have valid Python names.
Traceback:
C:\Python37\lib\importlib\__init__.py:127: in import_module
    return _bootstrap._gcd_import(name[level:], package, level)
tests\test_routes_orders.py:1: in &lt;module&gt;
    from app import create_app
E   ModuleNotFoundError: No module named 'app'</error></testcase><testcase classname="" name="tests.test_routes_products" time="0.000"><error message="collection failure">ImportError while importing test module 'C:\Users\trend\SimpleShop\tests\test_routes_products.py'.
Hint: make sure your test modules/packages have valid Python names.
Traceback:
C:\Python37\lib\importlib\__init__.py:127: in import_module
    return _bootstrap._gcd_import(name[level:], package, level)
tests\test_routes_products.py:1: in &lt;module&gt;
    from app import create_app
E   ModuleNotFoundError: No module named 'app'</error></testcase><testcase classname="" name="tests.test_routes_suppliers" time="0.000"><error message="collection failure">ImportError while importing test module 'C:\Users\trend\SimpleShop\tests\test_routes_suppliers.py'.
Hint: make sure your test modules/packages have valid Python names.
Traceback:
C:\Python37\lib\importlib\__init__.py:127: in import_module
    return _bootstrap._gcd_import(name[level:], package, level)
tests\test_routes_suppliers.py:1: in &lt;module&gt;
    from app import create_app
E   ModuleNotFoundError: No module named 'app'</error></testcase><testcase classname="" name="tests.test_routes_user" time="0.000"><error message="collection failure">ImportError while importing test module 'C:\Users\trend\SimpleShop\tests\test_routes_user.py'.
Hint: make sure your test modules/packages have valid Python names.
Traceback:
C:\Python37\lib\importlib\__init__.py:127: in import_module
    return _bootstrap._gcd_import(name[level:], package, level)
tests\test_routes_user.py:1: in &lt;module&gt;
    from app import create_app
E   ModuleNotFoundError: No module named 'app'</error></testcase></testsuite></testsuites>